This file contains any messages produced by compilers while
running configure, to aid debugging if configure makes a mistake.

It was created by ATS/Anairiats configure 0.2.12, which was
generated by GNU Autoconf 2.69.  Invocation command line was

  $ ./configure 

## --------- ##
## Platform. ##
## --------- ##

hostname = hongwei-t440p
uname -m = x86_64
uname -r = 4.4.0-210-generic
uname -s = Linux
uname -v = #242-Ubuntu SMP Fri Apr 16 09:57:56 UTC 2021

/usr/bin/uname -p = unknown
/bin/uname -X     = unknown

/bin/arch              = unknown
/usr/bin/arch -k       = unknown
/usr/convex/getsysinfo = unknown
/usr/bin/hostinfo      = unknown
/bin/machine           = unknown
/usr/bin/oslevel       = unknown
/bin/universe          = unknown

PATH: /home/hwxi/.nvm/versions/node/v15.0.0/bin
PATH: /opt/OpenPrinting-Gutenprint/sbin
PATH: /opt/OpenPrinting-Gutenprint/bin
PATH: /home/hwxi/.nix-profile/bin
PATH: /nix/var/nix/profiles/default/bin
PATH: /usr/local/sbin
PATH: /usr/local/bin
PATH: /usr/sbin
PATH: /usr/bin
PATH: /sbin
PATH: /bin
PATH: /usr/games
PATH: /usr/local/games
PATH: /snap/bin
PATH: /home/hwxi/bin
PATH: /home/hwxi/Research/ATS-Anairiats/bin
PATH: /home/hwxi/Research/ATS-Postiats/bin
PATH: /home/hwxi/Research/ATS-Temptory/bin
PATH: /usr/local/idea-IC-171.4694.23/bin
PATH: /usr/local/android-studio/bin
PATH: /home/hwxi/Research/dreal3/bin
PATH: /home/hwxi/Research/z3-4.4.0-x64-debian-7.8/bin
PATH: /home/hwxi/Research/cvc4-1.4/builds/bin
PATH: /home/hwxi/Research/OPENSHIFT3/bin
PATH: /home/hwxi/bin
PATH: /home/hwxi/Research/ATS-Anairiats/bin
PATH: /home/hwxi/Research/ATS-Postiats/bin
PATH: /home/hwxi/Research/ATS-Temptory/bin
PATH: /usr/local/idea-IC-171.4694.23/bin
PATH: /usr/local/android-studio/bin
PATH: /home/hwxi/Research/dreal3/bin
PATH: /home/hwxi/Research/z3-4.4.0-x64-debian-7.8/bin
PATH: /home/hwxi/Research/cvc4-1.4/builds/bin
PATH: /home/hwxi/Research/OPENSHIFT3/bin


## ----------- ##
## Core tests. ##
## ----------- ##

configure:2396: checking for a BSD-compatible install
configure:2464: result: /usr/bin/install -c
configure:2475: checking whether build environment is sane
configure:2530: result: yes
configure:2681: checking for a thread-safe mkdir -p
configure:2720: result: /bin/mkdir -p
configure:2727: checking for gawk
configure:2743: found /usr/bin/gawk
configure:2754: result: gawk
configure:2765: checking whether make sets $(MAKE)
configure:2787: result: yes
configure:2816: checking whether make supports nested variables
configure:2833: result: yes
configure:3007: checking for gcc
configure:3023: found /usr/bin/gcc
configure:3034: result: gcc
configure:3263: checking for C compiler version
configure:3272: gcc --version >&5
gcc (Ubuntu 5.4.0-6ubuntu1~16.04.12) 5.4.0 20160609
Copyright (C) 2015 Free Software Foundation, Inc.
This is free software; see the source for copying conditions.  There is NO
warranty; not even for MERCHANTABILITY or FITNESS FOR A PARTICULAR PURPOSE.

configure:3283: $? = 0
configure:3272: gcc -v >&5
Using built-in specs.
COLLECT_GCC=gcc
COLLECT_LTO_WRAPPER=/usr/lib/gcc/x86_64-linux-gnu/5/lto-wrapper
Target: x86_64-linux-gnu
Configured with: ../src/configure -v --with-pkgversion='Ubuntu 5.4.0-6ubuntu1~16.04.12' --with-bugurl=file:///usr/share/doc/gcc-5/README.Bugs --enable-languages=c,ada,c++,java,go,d,fortran,objc,obj-c++ --prefix=/usr --program-suffix=-5 --enable-shared --enable-linker-build-id --libexecdir=/usr/lib --without-included-gettext --enable-threads=posix --libdir=/usr/lib --enable-nls --with-sysroot=/ --enable-clocale=gnu --enable-libstdcxx-debug --enable-libstdcxx-time=yes --with-default-libstdcxx-abi=new --enable-gnu-unique-object --disable-vtable-verify --enable-libmpx --enable-plugin --with-system-zlib --disable-browser-plugin --enable-java-awt=gtk --enable-gtk-cairo --with-java-home=/usr/lib/jvm/java-1.5.0-gcj-5-amd64/jre --enable-java-home --with-jvm-root-dir=/usr/lib/jvm/java-1.5.0-gcj-5-amd64 --with-jvm-jar-dir=/usr/lib/jvm-exports/java-1.5.0-gcj-5-amd64 --with-arch-directory=amd64 --with-ecj-jar=/usr/share/java/eclipse-ecj.jar --enable-objc-gc --enable-multiarch --disable-werror --with-arch-32=i686 --with-abi=m64 --with-multilib-list=m32,m64,mx32 --enable-multilib --with-tune=generic --enable-checking=release --build=x86_64-linux-gnu --host=x86_64-linux-gnu --target=x86_64-linux-gnu
Thread model: posix
gcc version 5.4.0 20160609 (Ubuntu 5.4.0-6ubuntu1~16.04.12) 
configure:3283: $? = 0
configure:3272: gcc -V >&5
gcc: error: unrecognized command line option '-V'
gcc: fatal error: no input files
compilation terminated.
configure:3283: $? = 1
configure:3272: gcc -qversion >&5
gcc: error: unrecognized command line option '-qversion'
gcc: fatal error: no input files
compilation terminated.
configure:3283: $? = 1
configure:3303: checking whether the C compiler works
configure:3325: gcc    conftest.c  >&5
configure:3329: $? = 0
configure:3377: result: yes
configure:3380: checking for C compiler default output file name
configure:3382: result: a.out
configure:3388: checking for suffix of executables
configure:3395: gcc -o conftest    conftest.c  >&5
configure:3399: $? = 0
configure:3421: result: 
configure:3443: checking whether we are cross compiling
configure:3451: gcc -o conftest    conftest.c  >&5
configure:3455: $? = 0
configure:3462: ./conftest
configure:3466: $? = 0
configure:3481: result: no
configure:3486: checking for suffix of object files
configure:3508: gcc -c   conftest.c >&5
configure:3512: $? = 0
configure:3533: result: o
configure:3537: checking whether we are using the GNU C compiler
configure:3556: gcc -c   conftest.c >&5
configure:3556: $? = 0
configure:3565: result: yes
configure:3574: checking whether gcc accepts -g
configure:3594: gcc -c -g  conftest.c >&5
configure:3594: $? = 0
configure:3635: result: yes
configure:3652: checking for gcc option to accept ISO C89
configure:3715: gcc  -c -g -O2  conftest.c >&5
configure:3715: $? = 0
configure:3728: result: none needed
configure:3753: checking whether gcc understands -c and -o together
configure:3775: gcc -c conftest.c -o conftest2.o
configure:3778: $? = 0
configure:3775: gcc -c conftest.c -o conftest2.o
configure:3778: $? = 0
configure:3790: result: yes
configure:3818: checking for style of include used by make
configure:3846: result: GNU
configure:3872: checking dependency style of gcc
configure:3983: result: none
configure:4000: checking whether ln -s works
configure:4004: result: yes
configure:4065: checking for pkg-config
configure:4083: found /usr/bin/pkg-config
configure:4095: result: /usr/bin/pkg-config
configure:4120: checking pkg-config is at least version 0.9.0
configure:4123: result: yes
configure:4138: checking how to run the C preprocessor
configure:4169: gcc -E  conftest.c
configure:4169: $? = 0
configure:4183: gcc -E  conftest.c
conftest.c:11:28: fatal error: ac_nonexistent.h: No such file or directory
compilation terminated.
configure:4183: $? = 1
configure: failed program was:
| /* confdefs.h */
| #define PACKAGE_NAME "ATS/Anairiats"
| #define PACKAGE_TARNAME "ats-anairiats"
| #define PACKAGE_VERSION "0.2.12"
| #define PACKAGE_STRING "ATS/Anairiats 0.2.12"
| #define PACKAGE_BUGREPORT "hwxi@cs.bu.edu"
| #define PACKAGE_URL ""
| #define PACKAGE "ats-anairiats"
| #define VERSION "0.2.12"
| /* end confdefs.h.  */
| #include <ac_nonexistent.h>
configure:4208: result: gcc -E
configure:4228: gcc -E  conftest.c
configure:4228: $? = 0
configure:4242: gcc -E  conftest.c
conftest.c:11:28: fatal error: ac_nonexistent.h: No such file or directory
compilation terminated.
configure:4242: $? = 1
configure: failed program was:
| /* confdefs.h */
| #define PACKAGE_NAME "ATS/Anairiats"
| #define PACKAGE_TARNAME "ats-anairiats"
| #define PACKAGE_VERSION "0.2.12"
| #define PACKAGE_STRING "ATS/Anairiats 0.2.12"
| #define PACKAGE_BUGREPORT "hwxi@cs.bu.edu"
| #define PACKAGE_URL ""
| #define PACKAGE "ats-anairiats"
| #define VERSION "0.2.12"
| /* end confdefs.h.  */
| #include <ac_nonexistent.h>
configure:4271: checking for grep that handles long lines and -e
configure:4329: result: /bin/grep
configure:4334: checking for egrep
configure:4396: result: /bin/grep -E
configure:4401: checking for ANSI C header files
configure:4421: gcc -c -g -O2  conftest.c >&5
configure:4421: $? = 0
configure:4494: gcc -o conftest -g -O2   conftest.c  >&5
configure:4494: $? = 0
configure:4494: ./conftest
configure:4494: $? = 0
configure:4505: result: yes
configure:4518: checking for sys/types.h
configure:4518: gcc -c -g -O2  conftest.c >&5
configure:4518: $? = 0
configure:4518: result: yes
configure:4518: checking for sys/stat.h
configure:4518: gcc -c -g -O2  conftest.c >&5
configure:4518: $? = 0
configure:4518: result: yes
configure:4518: checking for stdlib.h
configure:4518: gcc -c -g -O2  conftest.c >&5
configure:4518: $? = 0
configure:4518: result: yes
configure:4518: checking for string.h
configure:4518: gcc -c -g -O2  conftest.c >&5
configure:4518: $? = 0
configure:4518: result: yes
configure:4518: checking for memory.h
configure:4518: gcc -c -g -O2  conftest.c >&5
configure:4518: $? = 0
configure:4518: result: yes
configure:4518: checking for strings.h
configure:4518: gcc -c -g -O2  conftest.c >&5
configure:4518: $? = 0
configure:4518: result: yes
configure:4518: checking for inttypes.h
configure:4518: gcc -c -g -O2  conftest.c >&5
configure:4518: $? = 0
configure:4518: result: yes
configure:4518: checking for stdint.h
configure:4518: gcc -c -g -O2  conftest.c >&5
configure:4518: $? = 0
configure:4518: result: yes
configure:4518: checking for unistd.h
configure:4518: gcc -c -g -O2  conftest.c >&5
configure:4518: $? = 0
configure:4518: result: yes
configure:4532: checking complex.h usability
configure:4532: gcc -c -g -O2  conftest.c >&5
configure:4532: $? = 0
configure:4532: result: yes
configure:4532: checking complex.h presence
configure:4532: gcc -E  conftest.c
configure:4532: $? = 0
configure:4532: result: yes
configure:4532: checking for complex.h
configure:4532: result: yes
configure:4545: checking curses.h usability
configure:4545: gcc -c -g -O2  conftest.c >&5
configure:4545: $? = 0
configure:4545: result: yes
configure:4545: checking curses.h presence
configure:4545: gcc -E  conftest.c
configure:4545: $? = 0
configure:4545: result: yes
configure:4545: checking for curses.h
configure:4545: result: yes
configure:4558: checking gmp.h usability
configure:4558: gcc -c -g -O2  conftest.c >&5
configure:4558: $? = 0
configure:4558: result: yes
configure:4558: checking gmp.h presence
configure:4558: gcc -E  conftest.c
configure:4558: $? = 0
configure:4558: result: yes
configure:4558: checking for gmp.h
configure:4558: result: yes
configure:4573: checking pcre.h usability
configure:4573: gcc -c -g -O2  conftest.c >&5
configure:4573: $? = 0
configure:4573: result: yes
configure:4573: checking pcre.h presence
configure:4573: gcc -E  conftest.c
configure:4573: $? = 0
configure:4573: result: yes
configure:4573: checking for pcre.h
configure:4573: result: yes
configure:4595: checking size of void*
configure:4600: gcc -o conftest -g -O2   conftest.c  >&5
configure:4600: $? = 0
configure:4600: ./conftest
configure:4600: $? = 0
configure:4614: result: 8
configure:4628: checking for drand48_r
configure:4628: gcc -o conftest -g -O2   conftest.c  >&5
configure:4628: $? = 0
configure:4628: result: yes
configure:4628: checking for erand48_r
configure:4628: gcc -o conftest -g -O2   conftest.c  >&5
configure:4628: $? = 0
configure:4628: result: yes
configure:4640: checking for posix_memalign
configure:4640: gcc -o conftest -g -O2   conftest.c  >&5
conftest.c:51:6: warning: conflicting types for built-in function 'posix_memalign'
 char posix_memalign ();
      ^
configure:4640: $? = 0
configure:4640: result: yes
configure:4640: checking for memalign
configure:4640: gcc -o conftest -g -O2   conftest.c  >&5
configure:4640: $? = 0
configure:4640: result: yes
configure:4760: checking that generated files are newer than configure
configure:4766: result: done
configure:4789: creating ./config.status

## ---------------------- ##
## Running config.status. ##
## ---------------------- ##

This file was extended by ATS/Anairiats config.status 0.2.12, which was
generated by GNU Autoconf 2.69.  Invocation command line was

  CONFIG_FILES    = 
  CONFIG_HEADERS  = 
  CONFIG_LINKS    = 
  CONFIG_COMMANDS = 
  $ ./config.status 

on hongwei-t440p

config.status:869: creating config.mk
config.status:869: creating ats_env.sh
config.status:869: creating test.sh
config.status:869: creating config.h
config.status:1050: config.h is unchanged
config.status:1098: executing depfiles commands

## ---------------- ##
## Cache variables. ##
## ---------------- ##

ac_cv_c_compiler_gnu=yes
ac_cv_env_CC_set=
ac_cv_env_CC_value=
ac_cv_env_CFLAGS_set=
ac_cv_env_CFLAGS_value=
ac_cv_env_CPPFLAGS_set=
ac_cv_env_CPPFLAGS_value=
ac_cv_env_CPP_set=
ac_cv_env_CPP_value=
ac_cv_env_LDFLAGS_set=
ac_cv_env_LDFLAGS_value=
ac_cv_env_LIBS_set=
ac_cv_env_LIBS_value=
ac_cv_env_PKG_CONFIG_LIBDIR_set=
ac_cv_env_PKG_CONFIG_LIBDIR_value=
ac_cv_env_PKG_CONFIG_PATH_set=
ac_cv_env_PKG_CONFIG_PATH_value=
ac_cv_env_PKG_CONFIG_set=
ac_cv_env_PKG_CONFIG_value=
ac_cv_env_build_alias_set=
ac_cv_env_build_alias_value=
ac_cv_env_host_alias_set=
ac_cv_env_host_alias_value=
ac_cv_env_target_alias_set=
ac_cv_env_target_alias_value=
ac_cv_func_drand48_r=yes
ac_cv_func_erand48_r=yes
ac_cv_func_memalign=yes
ac_cv_func_posix_memalign=yes
ac_cv_header_complex_h=yes
ac_cv_header_curses_h=yes
ac_cv_header_gmp_h=yes
ac_cv_header_inttypes_h=yes
ac_cv_header_memory_h=yes
ac_cv_header_pcre_h=yes
ac_cv_header_stdc=yes
ac_cv_header_stdint_h=yes
ac_cv_header_stdlib_h=yes
ac_cv_header_string_h=yes
ac_cv_header_strings_h=yes
ac_cv_header_sys_stat_h=yes
ac_cv_header_sys_types_h=yes
ac_cv_header_unistd_h=yes
ac_cv_objext=o
ac_cv_path_EGREP='/bin/grep -E'
ac_cv_path_GREP=/bin/grep
ac_cv_path_ac_pt_PKG_CONFIG=/usr/bin/pkg-config
ac_cv_path_install='/usr/bin/install -c'
ac_cv_path_mkdir=/bin/mkdir
ac_cv_prog_AWK=gawk
ac_cv_prog_CPP='gcc -E'
ac_cv_prog_ac_ct_CC=gcc
ac_cv_prog_cc_c89=
ac_cv_prog_cc_g=yes
ac_cv_prog_make_make_set=yes
ac_cv_sizeof_voidp=8
am_cv_CC_dependencies_compiler_type=none
am_cv_make_support_nested_variables=yes
am_cv_prog_cc_c_o=yes

## ----------------- ##
## Output variables. ##
## ----------------- ##

ACLOCAL='${SHELL} /home/hwxi/Research/ATS-Anairiats.git/missing aclocal-1.14'
AMDEPBACKSLASH='\'
AMDEP_FALSE='#'
AMDEP_TRUE=''
AMTAR='$${TAR-tar}'
AM_BACKSLASH='\'
AM_DEFAULT_V='$(AM_DEFAULT_VERBOSITY)'
AM_DEFAULT_VERBOSITY='1'
AM_V='$(V)'
AUTOCONF='${SHELL} /home/hwxi/Research/ATS-Anairiats.git/missing autoconf'
AUTOHEADER='${SHELL} /home/hwxi/Research/ATS-Anairiats.git/missing autoheader'
AUTOMAKE='${SHELL} /home/hwxi/Research/ATS-Anairiats.git/missing automake-1.14'
AWK='gawk'
CC='gcc'
CCDEPMODE='depmode=none'
CFLAGS='-g -O2'
CPP='gcc -E'
CPPFLAGS=''
CYGPATH_W='echo'
DEFS='-DHAVE_CONFIG_H'
DEPDIR='.deps'
ECHO_C=''
ECHO_N='-n'
ECHO_T=''
EGREP='/bin/grep -E'
EXEEXT=''
GREP='/bin/grep'
HAVE_LIBGMP='yes'
HAVE_LIBPCRE='yes'
INSTALL_DATA='${INSTALL} -m 644'
INSTALL_PROGRAM='${INSTALL}'
INSTALL_SCRIPT='${INSTALL}'
INSTALL_STRIP_PROGRAM='$(install_sh) -c -s'
LDFLAGS=''
LIBOBJS=''
LIBS=''
LN_S='ln -s'
LTLIBOBJS=''
MAKEINFO='${SHELL} /home/hwxi/Research/ATS-Anairiats.git/missing makeinfo'
MKDIR_P='/bin/mkdir -p'
OBJEXT='o'
PACKAGE='ats-anairiats'
PACKAGE_BUGREPORT='hwxi@cs.bu.edu'
PACKAGE_NAME='ATS/Anairiats'
PACKAGE_STRING='ATS/Anairiats 0.2.12'
PACKAGE_TARNAME='ats-anairiats'
PACKAGE_URL=''
PACKAGE_VERSION='0.2.12'
PATH_SEPARATOR=':'
PKG_CONFIG='/usr/bin/pkg-config'
PKG_CONFIG_LIBDIR=''
PKG_CONFIG_PATH=''
SET_MAKE=''
SHELL='/bin/bash'
STRIP=''
VERSION='0.2.12'
ac_ct_CC='gcc'
am__EXEEXT_FALSE=''
am__EXEEXT_TRUE='#'
am__fastdepCC_FALSE=''
am__fastdepCC_TRUE='#'
am__include='include'
am__isrc=''
am__leading_dot='.'
am__nodep='_no'
am__quote=''
am__tar='$${TAR-tar} chof - "$$tardir"'
am__untar='$${TAR-tar} xf -'
bindir='${exec_prefix}/bin'
build_alias=''
datadir='${datarootdir}'
datarootdir='${prefix}/share'
docdir='${datarootdir}/doc/${PACKAGE_TARNAME}'
dvidir='${docdir}'
exec_prefix='${prefix}'
host_alias=''
htmldir='${docdir}'
includedir='${prefix}/include'
infodir='${datarootdir}/info'
install_sh='${SHELL} /home/hwxi/Research/ATS-Anairiats.git/install-sh'
libdir='${exec_prefix}/lib'
libexecdir='${exec_prefix}/libexec'
localedir='${datarootdir}/locale'
localstatedir='${prefix}/var'
mandir='${datarootdir}/man'
mkdir_p='$(MKDIR_P)'
oldincludedir='/usr/include'
pdfdir='${docdir}'
prefix='/usr/local'
program_transform_name='s,x,x,'
psdir='${docdir}'
sbindir='${exec_prefix}/sbin'
sharedstatedir='${prefix}/com'
sysconfdir='${prefix}/etc'
target_alias=''

## ----------- ##
## confdefs.h. ##
## ----------- ##

/* confdefs.h */
#define PACKAGE_NAME "ATS/Anairiats"
#define PACKAGE_TARNAME "ats-anairiats"
#define PACKAGE_VERSION "0.2.12"
#define PACKAGE_STRING "ATS/Anairiats 0.2.12"
#define PACKAGE_BUGREPORT "hwxi@cs.bu.edu"
#define PACKAGE_URL ""
#define PACKAGE "ats-anairiats"
#define VERSION "0.2.12"
#define STDC_HEADERS 1
#define HAVE_SYS_TYPES_H 1
#define HAVE_SYS_STAT_H 1
#define HAVE_STDLIB_H 1
#define HAVE_STRING_H 1
#define HAVE_MEMORY_H 1
#define HAVE_STRINGS_H 1
#define HAVE_INTTYPES_H 1
#define HAVE_STDINT_H 1
#define HAVE_UNISTD_H 1
#define HAVE_COMPLEX_H 1
#define HAVE_CURSES_H 1
#define HAVE_GMP_H 1
#define HAVE_PCRE_H 1
#define SIZEOF_VOIDP 8
#define HAVE_DRAND48_R 1
#define HAVE_ERAND48_R 1
#define HAVE_POSIX_MEMALIGN 1
#define HAVE_MEMALIGN 1

configure: exit 0
